<?xml version="1.0" encoding="UTF-8"?>
<TestRun id="27b6ac7b-2cd8-41dd-9e10-dbc51e3e657e" name="Sara@DESKTOP-ER49AAO 2021-07-02 01:12:57" runUser="DESKTOP-ER49AAO\Sara" xmlns="http://microsoft.com/schemas/VisualStudio/TeamTest/2010">
  <TestSettings name="Local" id="e91ace34-d5a8-4229-bbb8-ea2e389e91a6">
    <Description>These are default test settings for a local test run.</Description>
    <Deployment enabled="false" runDeploymentRoot="Sara_DESKTOP-ER49AAO 2021-07-02 01_12_57">
      <DeploymentItem filename="D:\MSTEST\MyFirstMSTestProject\MyFirstMSTestProject\bin\Debug\MyFirstMSTestProject.exe" />
    </Deployment>
    <Execution>
      <TestTypeSpecific />
      <AgentRule name="Execution Agents">
      </AgentRule>
    </Execution>
  </TestSettings>
  <Times creation="2021-07-02T01:12:57.8340118+06:00" queuing="2021-07-02T01:12:58.5726481+06:00" start="2021-07-02T01:12:58.6273370+06:00" finish="2021-07-02T01:12:59.0931321+06:00" />
  <ResultSummary outcome="Completed">
    <Counters total="1" executed="1" passed="1" error="0" failed="0" timeout="0" aborted="0" inconclusive="0" passedButRunAborted="0" notRunnable="0" notExecuted="0" disconnected="0" warning="0" completed="0" inProgress="0" pending="0" />
  </ResultSummary>
  <TestDefinitions>
    <UnitTest name="TestMethod1" storage="d:\mstest\myfirstmstestproject\myfirstmstestprojecttest\bin\debug\myfirstmstestprojecttest.dll" id="6daabe68-df1e-d007-267f-e687228a6071">
      <Execution id="70d7a64c-7777-4208-85a7-229619238c71" />
      <TestMethod codeBase="D:/MSTEST/MyFirstMSTestProject/MyFirstMSTestProjectTest/bin/Debug/MyFirstMSTestProjectTest.DLL" adapterTypeName="Microsoft.VisualStudio.TestTools.TestTypes.Unit.UnitTestAdapter, Microsoft.VisualStudio.QualityTools.Tips.UnitTest.Adapter, Version=10.0.0.0, Culture=neutral, PublicKeyToken=b03f5f7f11d50a3a" className="MyFirstMSTestProjectTest.CalculateAmountTest, MyFirstMSTestProjectTest, Version=1.0.0.0, Culture=neutral, PublicKeyToken=null" name="TestMethod1" />
    </UnitTest>
  </TestDefinitions>
  <TestLists>
    <TestList name="Results Not in a List" id="8c84fa94-04c1-424b-9868-57a2d4851a1d" />
    <TestList name="All Loaded Results" id="19431567-8539-422a-85d7-44ee4e166bda" />
  </TestLists>
  <TestEntries>
    <TestEntry testId="6daabe68-df1e-d007-267f-e687228a6071" executionId="70d7a64c-7777-4208-85a7-229619238c71" testListId="8c84fa94-04c1-424b-9868-57a2d4851a1d" />
  </TestEntries>
  <Results>
    <UnitTestResult executionId="70d7a64c-7777-4208-85a7-229619238c71" testId="6daabe68-df1e-d007-267f-e687228a6071" testName="TestMethod1" computerName="DESKTOP-ER49AAO" duration="00:00:00.0083160" startTime="2021-07-02T01:12:58.6733202+06:00" endTime="2021-07-02T01:12:59.0512050+06:00" testType="13cdc9d9-ddb5-4fa4-a97d-d965ccfc6d4b" outcome="Passed" testListId="8c84fa94-04c1-424b-9868-57a2d4851a1d" relativeResultsDirectory="70d7a64c-7777-4208-85a7-229619238c71">
    </UnitTestResult>
  </Results>
</TestRun>