<?xml version="1.0" encoding="UTF-8"?>
<TestRun id="2cd0cb75-18da-48e7-b3ed-69955f21bf58" name="Sara@DESKTOP-ER49AAO 2021-07-02 01:49:37" runUser="DESKTOP-ER49AAO\Sara" xmlns="http://microsoft.com/schemas/VisualStudio/TeamTest/2010">
  <TestSettings name="Local" id="e91ace34-d5a8-4229-bbb8-ea2e389e91a6">
    <Description>These are default test settings for a local test run.</Description>
    <Deployment enabled="false" runDeploymentRoot="Sara_DESKTOP-ER49AAO 2021-07-02 01_49_37">
      <DeploymentItem filename="D:\MSTEST\MyFirstMSTestProject\MyFirstMSTestProject\bin\Debug\MyFirstMSTestProject.exe" />
    </Deployment>
    <Execution>
      <TestTypeSpecific />
      <AgentRule name="Execution Agents">
      </AgentRule>
    </Execution>
  </TestSettings>
  <Times creation="2021-07-02T01:49:37.6205672+06:00" queuing="2021-07-02T01:49:37.6618000+06:00" start="2021-07-02T01:49:37.6677971+06:00" finish="2021-07-02T01:49:37.9564106+06:00" />
  <ResultSummary outcome="Failed">
    <Counters total="1" executed="1" error="0" failed="1" timeout="0" aborted="0" inconclusive="0" passedButRunAborted="0" notRunnable="0" notExecuted="0" disconnected="0" warning="0" passed="0" completed="0" inProgress="0" pending="0" />
  </ResultSummary>
  <TestDefinitions>
    <UnitTest name="CalculateAmountAfterDiscountTest" storage="d:\mstest\myfirstmstestproject\myfirstmstestprojecttest\bin\debug\myfirstmstestprojecttest.dll" id="0fdf7c9b-e356-45ec-d219-413f1f2500de">
      <Execution id="40afd375-c983-4aa6-ba67-ff016b30ea77" />
      <TestMethod codeBase="D:/MSTEST/MyFirstMSTestProject/MyFirstMSTestProjectTest/bin/Debug/MyFirstMSTestProjectTest.DLL" adapterTypeName="Microsoft.VisualStudio.TestTools.TestTypes.Unit.UnitTestAdapter, Microsoft.VisualStudio.QualityTools.Tips.UnitTest.Adapter, Version=10.0.0.0, Culture=neutral, PublicKeyToken=b03f5f7f11d50a3a" className="MyFirstMSTestProjectTest.CalculateAmountTest, MyFirstMSTestProjectTest, Version=1.0.0.0, Culture=neutral, PublicKeyToken=null" name="CalculateAmountAfterDiscountTest" />
    </UnitTest>
  </TestDefinitions>
  <TestLists>
    <TestList name="Results Not in a List" id="8c84fa94-04c1-424b-9868-57a2d4851a1d" />
    <TestList name="All Loaded Results" id="19431567-8539-422a-85d7-44ee4e166bda" />
  </TestLists>
  <TestEntries>
    <TestEntry testId="0fdf7c9b-e356-45ec-d219-413f1f2500de" executionId="40afd375-c983-4aa6-ba67-ff016b30ea77" testListId="8c84fa94-04c1-424b-9868-57a2d4851a1d" />
  </TestEntries>
  <Results>
    <UnitTestResult executionId="40afd375-c983-4aa6-ba67-ff016b30ea77" testId="0fdf7c9b-e356-45ec-d219-413f1f2500de" testName="CalculateAmountAfterDiscountTest" computerName="DESKTOP-ER49AAO" duration="00:00:00.0937183" startTime="2021-07-02T01:49:37.6707964+06:00" endTime="2021-07-02T01:49:37.9464103+06:00" testType="13cdc9d9-ddb5-4fa4-a97d-d965ccfc6d4b" outcome="Failed" testListId="8c84fa94-04c1-424b-9868-57a2d4851a1d" relativeResultsDirectory="40afd375-c983-4aa6-ba67-ff016b30ea77">
      <Output>
        <ErrorInfo>
          <Message>Assert.AreEqual failed. Expected:&lt;5 (System.Decimal)&gt;. Actual:&lt;5 (System.String)&gt;. </Message>
          <StackTrace>   at MyFirstMSTestProjectTest.CalculateAmountTest.CalculateAmountAfterDiscountTest() in D:\MSTEST\MyFirstMSTestProject\MyFirstMSTestProjectTest\CalculateAmountTest.cs:line 24
</StackTrace>
        </ErrorInfo>
      </Output>
    </UnitTestResult>
  </Results>
</TestRun>